<?xml version="1.0" encoding="UTF-8"?>
<testsuite name="com.test.correoelectronico.definitions.CorreoElectronicoGmailDefinitions" tests="6" skipped="3" failures="1" errors="0" timestamp="2017-11-10T22:01:41" hostname="PQVSQ02732" time="28.435">
  <properties/>
  <testcase name="Given puedo ingresar a gmail" classname="com.test.correoelectronico.definitions.CorreoElectronicoGmailDefinitions" time="10.711"/>
  <testcase name="And puedo ingresar a mi correo electronico de gmail con la siguiente informacion:, " classname="com.test.correoelectronico.definitions.CorreoElectronicoGmailDefinitions" time="11.815"/>
  <testcase name="And puedo enviar un mensaje de correo electronico a un usuario con los siguientes datos:, " classname="com.test.correoelectronico.definitions.CorreoElectronicoGmailDefinitions" time="5.873">
    <failure message="net.serenitybdd.core.exceptions.SerenityManagedException: no such element: Unable to locate element: {&quot;method&quot;:&quot;xpath&quot;,&quot;selector&quot;:&quot;.//table/tbody/tr/td[2]/div/div/textarea[@role='combobox']&quot;}&#10;  (Session info: chrome=60.0.3112.78)&#10;  (Driver info: chromedriver=2.29.461591 (62ebf098771772160f391d75e589dc567915b233),platform=Windows NT 6.1.7601 SP1 x86_64) (WARNING: The server did not provide any stacktrace information)&#10;Command duration or timeout: 27 milliseconds&#10;For documentation on this error, please visit: http://seleniumhq.org/exceptions/no_such_element.html&#10;Build info: version: '2.53.1', revision: 'a36b8b1cd5757287168e54b817830adce9b0158d', time: '2016-06-30 19:26:09'&#10;System info: host: 'PQVSQ02732', ip: '20.5.50.18', os.name: 'Windows 7', os.arch: 'amd64', os.version: '6.1', java.version: '1.8.0_45'&#10;Driver info: org.openqa.selenium.chrome.ChromeDriver&#10;Capabilities [{applicationCacheEnabled=false, rotatable=false, mobileEmulationEnabled=false, networkConnectionEnabled=false, chrome={chromedriverVersion=2.29.461591 (62ebf098771772160f391d75e589dc567915b233), userDataDir=C:\Users\tanigral\AppData\Local\Temp\scoped_dir16388_19653}, takesHeapSnapshot=true, pageLoadStrategy=normal, databaseEnabled=false, handlesAlerts=true, hasTouchScreen=false, version=60.0.3112.78, platform=XP, browserConnectionEnabled=false, nativeEvents=true, acceptSslCerts=true, locationContextEnabled=true, webStorageEnabled=true, browserName=chrome, takesScreenshot=true, javascriptEnabled=true, cssSelectorsEnabled=true, unexpectedAlertBehaviour=}]&#10;Session ID: fee0ea2405b757415acd6defdb37bc0f&#10;*** Element info: {Using=xpath, value=.//table/tbody/tr/td[2]/div/div/textarea[@role='combobox']}" type="net.serenitybdd.core.exceptions.SerenityManagedException">net.serenitybdd.core.exceptions.SerenityManagedException: no such element: Unable to locate element: {&quot;method&quot;:&quot;xpath&quot;,&quot;selector&quot;:&quot;.//table/tbody/tr/td[2]/div/div/textarea[@role='combobox']&quot;}
  (Session info: chrome=60.0.3112.78)
  (Driver info: chromedriver=2.29.461591 (62ebf098771772160f391d75e589dc567915b233),platform=Windows NT 6.1.7601 SP1 x86_64) (WARNING: The server did not provide any stacktrace information)
Command duration or timeout: 27 milliseconds
For documentation on this error, please visit: http://seleniumhq.org/exceptions/no_such_element.html
Build info: version: '2.53.1', revision: 'a36b8b1cd5757287168e54b817830adce9b0158d', time: '2016-06-30 19:26:09'
System info: host: 'PQVSQ02732', ip: '20.5.50.18', os.name: 'Windows 7', os.arch: 'amd64', os.version: '6.1', java.version: '1.8.0_45'
Driver info: org.openqa.selenium.chrome.ChromeDriver
Capabilities [{applicationCacheEnabled=false, rotatable=false, mobileEmulationEnabled=false, networkConnectionEnabled=false, chrome={chromedriverVersion=2.29.461591 (62ebf098771772160f391d75e589dc567915b233), userDataDir=C:\Users\tanigral\AppData\Local\Temp\scoped_dir16388_19653}, takesHeapSnapshot=true, pageLoadStrategy=normal, databaseEnabled=false, handlesAlerts=true, hasTouchScreen=false, version=60.0.3112.78, platform=XP, browserConnectionEnabled=false, nativeEvents=true, acceptSslCerts=true, locationContextEnabled=true, webStorageEnabled=true, browserName=chrome, takesScreenshot=true, javascriptEnabled=true, cssSelectorsEnabled=true, unexpectedAlertBehaviour=}]
Session ID: fee0ea2405b757415acd6defdb37bc0f
*** Element info: {Using=xpath, value=.//table/tbody/tr/td[2]/div/div/textarea[@role='combobox']}
	at sun.reflect.NativeConstructorAccessorImpl.newInstance0(Native Method)
	at sun.reflect.NativeConstructorAccessorImpl.newInstance(NativeConstructorAccessorImpl.java:62)
	at sun.reflect.DelegatingConstructorAccessorImpl.newInstance(DelegatingConstructorAccessorImpl.java:45)
	at java.lang.reflect.Constructor.newInstance(Constructor.java:422)
	at org.openqa.selenium.remote.ErrorHandler.createThrowable(ErrorHandler.java:206)
	at org.openqa.selenium.remote.ErrorHandler.throwIfResponseFailed(ErrorHandler.java:158)
	at org.openqa.selenium.remote.RemoteWebDriver.execute(RemoteWebDriver.java:678)
	at org.openqa.selenium.remote.RemoteWebDriver.findElement(RemoteWebDriver.java:363)
	at org.openqa.selenium.remote.RemoteWebDriver.findElementByXPath(RemoteWebDriver.java:500)
	at org.openqa.selenium.By$ByXPath.findElement(By.java:361)
	at org.openqa.selenium.remote.RemoteWebDriver.findElement(RemoteWebDriver.java:355)
	at com.test.correoelectronico.page.CorreoElectronicoGmailPage.enviarMensajeCorreoElectronico(CorreoElectronicoGmailPage.java:48)
	at com.test.correoelectronico.steps.CorreoElectronicoGmailSteps.enviarMensajeCorreoElectronico(CorreoElectronicoGmailSteps.java:30)
	at com.test.correoelectronico.steps.CorreoElectronicoGmailSteps$$EnhancerByCGLIB$$c44ce715.CGLIB$enviarMensajeCorreoElectronico$1(&lt;generated&gt;)
	at com.test.correoelectronico.steps.CorreoElectronicoGmailSteps$$EnhancerByCGLIB$$c44ce715$$FastClassByCGLIB$$e38ad71d.invoke(&lt;generated&gt;)
	at net.sf.cglib.proxy.MethodProxy.invokeSuper(MethodProxy.java:228)
	at net.thucydides.core.steps.StepInterceptor.invokeMethod(StepInterceptor.java:372)
	at net.thucydides.core.steps.StepInterceptor.executeTestStepMethod(StepInterceptor.java:357)
	at net.thucydides.core.steps.StepInterceptor.runTestStep(StepInterceptor.java:332)
	at net.thucydides.core.steps.StepInterceptor.testStepResult(StepInterceptor.java:134)
	at net.thucydides.core.steps.StepInterceptor.intercept(StepInterceptor.java:61)
	at com.test.correoelectronico.steps.CorreoElectronicoGmailSteps$$EnhancerByCGLIB$$c44ce715.enviarMensajeCorreoElectronico(&lt;generated&gt;)
	at com.test.correoelectronico.definitions.CorreoElectronicoGmailDefinitions.enviarMensajeCorreoElectronico(CorreoElectronicoGmailDefinitions.java:24)
	at sun.reflect.NativeMethodAccessorImpl.invoke0(Native Method)
	at sun.reflect.NativeMethodAccessorImpl.invoke(NativeMethodAccessorImpl.java:62)
	at sun.reflect.DelegatingMethodAccessorImpl.invoke(DelegatingMethodAccessorImpl.java:43)
	at java.lang.reflect.Method.invoke(Method.java:497)
	at org.jbehave.core.steps.StepCreator$ParametrisedStep.perform(StepCreator.java:599)
	at org.jbehave.core.embedder.PerformableTree$FineSoFar.run(PerformableTree.java:340)
	at org.jbehave.core.embedder.PerformableTree$PerformableSteps.perform(PerformableTree.java:1072)
	at org.jbehave.core.embedder.PerformableTree$AbstractPerformableScenario.performRestartableSteps(PerformableTree.java:938)
	at org.jbehave.core.embedder.PerformableTree$ExamplePerformableScenario.perform(PerformableTree.java:1011)
	at org.jbehave.core.embedder.PerformableTree$PerformableScenario.perform(PerformableTree.java:883)
	at org.jbehave.core.embedder.PerformableTree$PerformableStory.performScenarios(PerformableTree.java:811)
	at org.jbehave.core.embedder.PerformableTree$PerformableStory.perform(PerformableTree.java:784)
	at org.jbehave.core.embedder.PerformableTree.performCancellable(PerformableTree.java:416)
	at org.jbehave.core.embedder.PerformableTree.perform(PerformableTree.java:387)
	at org.jbehave.core.embedder.StoryManager$EnqueuedStory.call(StoryManager.java:291)
	at org.jbehave.core.embedder.StoryManager$EnqueuedStory.call(StoryManager.java:265)
	at java.util.concurrent.FutureTask.run(FutureTask.java:266)
	at java.util.concurrent.ThreadPoolExecutor.runWorker(ThreadPoolExecutor.java:1142)
	at java.util.concurrent.ThreadPoolExecutor$Worker.run(ThreadPoolExecutor.java:617)
	at java.lang.Thread.run(Thread.java:745)
</failure>
  </testcase>
  <testcase name="When quiera acceder a la cuenta de correo electronico del usuario destinatario" classname="com.test.correoelectronico.definitions.CorreoElectronicoGmailDefinitions" time="0.0">
    <skipped/>
  </testcase>
  <testcase name="And ingrese al correo electronico al cual envie el mensaje con los siguientes datos:, " classname="com.test.correoelectronico.definitions.CorreoElectronicoGmailDefinitions" time="0.0">
    <skipped/>
  </testcase>
  <testcase name="Then debo poder visualizar la informacion que se me ha enviado junto con el usuario que me la envio:, " classname="com.test.correoelectronico.definitions.CorreoElectronicoGmailDefinitions" time="0.001">
    <skipped/>
  </testcase>
  <system-out><![CDATA[]]></system-out>
  <system-err><![CDATA[Starting ChromeDriver 2.29.461591 (62ebf098771772160f391d75e589dc567915b233) on port 14740
Only local connections are allowed.
log4j:WARN No appenders could be found for logger (org.apache.http.client.protocol.RequestAddCookies).
log4j:WARN Please initialize the log4j system properly.
]]></system-err>
</testsuite>
